\BOOKMARK [1][-]{section.1}{\376\377\000I\000N\000T\000R\000O\000D\000U\000C\000T\000I\000O\000N}{}% 1
\BOOKMARK [1][-]{section.2}{\376\377\000G\000E\000N\000E\000R\000A\000L\000\040\000G\000U\000I\000D\000E\000L\000I\000N\000E\000S}{}% 2
\BOOKMARK [2][-]{subsection.2.1}{\376\377\000L\000a\000n\000g\000u\000a\000g\000e}{section.2}% 3
\BOOKMARK [2][-]{subsection.2.2}{\376\377\000P\000a\000p\000e\000r\000\040\000S\000u\000b\000m\000i\000s\000s\000i\000o\000n}{section.2}% 4
\BOOKMARK [2][-]{subsection.2.3}{\376\377\000O\000b\000j\000e\000c\000t\000i\000v\000i\000t\000y}{section.2}% 5
\BOOKMARK [2][-]{subsection.2.4}{\376\377\000L\000e\000n\000g\000t\000h\000\040\000C\000o\000n\000s\000t\000r\000a\000i\000n\000t\000s}{section.2}% 6
\BOOKMARK [3][-]{subsubsection.2.4.1}{\376\377\000\040\000\040\000L\000e\000n\000g\000t\000h\000\040\000o\000f\000\040\000t\000h\000e\000\040\000A\000b\000s\000t\000r\000a\000c\000t}{subsection.2.4}% 7
\BOOKMARK [3][-]{subsubsection.2.4.2}{\376\377\000\040\000\040\000L\000e\000n\000g\000t\000h\000\040\000o\000f\000\040\000t\000h\000e\000\040\000P\000a\000p\000e\000r}{subsection.2.4}% 8
\BOOKMARK [2][-]{subsection.2.5}{\376\377\000F\000o\000n\000t\000\040\000S\000p\000e\000c\000i\000f\000i\000c\000a\000t\000i\000o\000n\000\040\000a\000n\000d\000\040\000S\000p\000a\000c\000i\000n\000g}{section.2}% 9
\BOOKMARK [2][-]{subsection.2.6}{\376\377\000M\000a\000r\000g\000i\000n\000s}{section.2}% 10
\BOOKMARK [2][-]{subsection.2.7}{\376\377\000J\000u\000s\000t\000i\000f\000i\000c\000a\000t\000i\000o\000n}{section.2}% 11
\BOOKMARK [2][-]{subsection.2.8}{\376\377\000H\000e\000a\000d\000i\000n\000g\000s\000\040\000o\000f\000\040\000S\000e\000c\000t\000i\000o\000n\000s\000,\000\040\000S\000u\000b\000s\000e\000c\000t\000i\000o\000n\000s\000,\000\040\000a\000n\000d\000\040\000S\000u\000b\000s\000u\000b\000s\000e\000c\000t\000i\000o\000n\000s}{section.2}% 12
\BOOKMARK [3][-]{subsubsection.2.8.1}{\376\377\000\040\000\040\000P\000a\000r\000a\000g\000r\000a\000p\000h\000s}{subsection.2.8}% 13
\BOOKMARK [3][-]{subsubsection.2.8.2}{\376\377\000\040\000\040\000F\000o\000o\000t\000n\000o\000t\000e\000s}{subsection.2.8}% 14
\BOOKMARK [3][-]{subsubsection.2.8.3}{\376\377\000\040\000\040\000P\000a\000g\000e\000\040\000N\000u\000m\000b\000e\000r\000s}{subsection.2.8}% 15
\BOOKMARK [1][-]{section.3}{\376\377\000F\000O\000R\000M\000A\000T\000T\000I\000N\000G\000\040\000T\000H\000E\000\040\000F\000I\000R\000S\000T\000\040\000P\000A\000G\000E}{}% 16
\BOOKMARK [2][-]{subsection.3.1}{\376\377\000R\000u\000n\000n\000i\000n\000g\000\040\000H\000e\000a\000d\000s}{section.3}% 17
\BOOKMARK [2][-]{subsection.3.2}{\376\377\000T\000i\000t\000l\000e\000\040\000a\000n\000d\000\040\000A\000u\000t\000h\000o\000r\000s}{section.3}% 18
\BOOKMARK [1][-]{section.4}{\376\377\000F\000O\000R\000M\000A\000T\000T\000I\000N\000G\000\040\000S\000U\000B\000S\000E\000Q\000U\000E\000N\000T\000\040\000P\000A\000G\000E\000S}{}% 19
\BOOKMARK [2][-]{subsection.4.1}{\376\377\000M\000a\000t\000h\000e\000m\000a\000t\000i\000c\000a\000l\000\040\000E\000x\000p\000r\000e\000s\000s\000i\000o\000n\000s\000\040\000i\000n\000\040\000T\000e\000x\000t\000\040\000a\000n\000d\000\040\000i\000n\000\040\000D\000i\000s\000p\000l\000a\000y\000s}{section.4}% 20
\BOOKMARK [2][-]{subsection.4.2}{\376\377\000D\000i\000s\000p\000l\000a\000y\000e\000d\000\040\000L\000i\000s\000t\000s}{section.4}% 21
\BOOKMARK [2][-]{subsection.4.3}{\376\377\000F\000i\000g\000u\000r\000e\000s\000\040\000a\000n\000d\000\040\000T\000a\000b\000l\000e\000s}{section.4}% 22
\BOOKMARK [2][-]{subsection.4.4}{\376\377\000D\000e\000f\000i\000n\000i\000t\000i\000o\000n\000s\000\040\000a\000n\000d\000\040\000T\000h\000e\000o\000r\000e\000m\000s}{section.4}% 23
\BOOKMARK [2][-]{subsection.4.5}{\376\377\000H\000y\000p\000e\000r\000l\000i\000n\000k\000s}{section.4}% 24
\BOOKMARK [2][-]{subsection.4.6}{\376\377\000C\000i\000t\000i\000n\000g\000\040\000a\000\040\000R\000e\000f\000e\000r\000e\000n\000c\000e}{section.4}% 25
\BOOKMARK [2][-]{subsection.4.7}{\376\377\000G\000e\000n\000e\000r\000a\000l\000\040\000S\000t\000y\000l\000e\000\040\000a\000n\000d\000\040\000S\000e\000q\000u\000e\000n\000c\000e\000\040\000o\000f\000\040\000R\000e\000f\000e\000r\000e\000n\000c\000e\000s}{section.4}% 26
\BOOKMARK [2][-]{subsection.4.8}{\376\377\000F\000o\000r\000m\000a\000t\000t\000i\000n\000g\000\040\000R\000e\000f\000e\000r\000e\000n\000c\000e\000s\000\040\000A\000c\000c\000o\000r\000d\000i\000n\000g\000\040\000t\000o\000\040\000T\000h\000e\000i\000r\000\040\000T\000y\000p\000e\000\040\000o\000f\000\040\000P\000u\000b\000l\000i\000c\000a\000t\000i\000o\000n}{section.4}% 27
\BOOKMARK [3][-]{subsubsection.4.8.1}{\376\377\000\040\000\040\000J\000o\000u\000r\000n\000a\000l\000\040\000A\000r\000t\000i\000c\000l\000e\000s}{subsection.4.8}% 28
\BOOKMARK [3][-]{subsubsection.4.8.2}{\376\377\000\040\000\040\000B\000o\000o\000k\000s}{subsection.4.8}% 29
\BOOKMARK [3][-]{subsubsection.4.8.3}{\376\377\000\040\000\040\000B\000o\000o\000k\000\040\000C\000o\000n\000t\000r\000i\000b\000u\000t\000i\000o\000n\000s}{subsection.4.8}% 30
\BOOKMARK [3][-]{subsubsection.4.8.4}{\376\377\000\040\000\040\000C\000o\000n\000f\000e\000r\000e\000n\000c\000e\000s\000\040\000\050\000e\000x\000c\000e\000p\000t\000\040\000W\000i\000n\000t\000e\000r\000\040\000S\000i\000m\000u\000l\000a\000t\000i\000o\000n\000\040\000C\000o\000n\000f\000e\000r\000e\000n\000c\000e\000s\000\051}{subsection.4.8}% 31
\BOOKMARK [3][-]{subsubsection.4.8.5}{\376\377\000\040\000\040\000P\000a\000p\000e\000r\000s\000\040\000f\000r\000o\000m\000\040\000W\000i\000n\000t\000e\000r\000\040\000S\000i\000m\000u\000l\000a\000t\000i\000o\000n\000\040\000C\000o\000n\000f\000e\000r\000e\000n\000c\000e\000s}{subsection.4.8}% 32
\BOOKMARK [3][-]{subsubsection.4.8.6}{\376\377\000\040\000\040\000H\000a\000n\000d\000b\000o\000o\000k\000s\000,\000\040\000R\000e\000p\000o\000r\000t\000s\000,\000\040\000a\000n\000d\000\040\000O\000t\000h\000e\000r\000\040\000P\000u\000b\000l\000i\000c\000a\000t\000i\000o\000n\000s}{subsection.4.8}% 33
\BOOKMARK [3][-]{subsubsection.4.8.7}{\376\377\000\040\000\040\000O\000n\000l\000i\000n\000e\000\040\000P\000u\000b\000l\000i\000c\000a\000t\000i\000o\000n\000s}{subsection.4.8}% 34
\BOOKMARK [3][-]{subsubsection.4.8.8}{\376\377\000\040\000\040\000R\000e\000f\000e\000r\000e\000n\000c\000e\000s\000\040\000w\000i\000t\000h\000\040\000M\000a\000n\000y\000\040\000\050\0006\000+\000\051\000\040\000A\000u\000t\000h\000o\000r\000s}{subsection.4.8}% 35
\BOOKMARK [1][-]{section.5}{\376\377\000U\000S\000I\000N\000G\000\040\000B\000i\000b\000T\000e\000x}{}% 36
\BOOKMARK [2][-]{subsection.5.1}{\376\377\000S\000e\000t\000\040\000U\000p\000\040\000t\000h\000e\000\040\000B\000i\000b\000T\000e\000x\000\040\000I\000n\000p\000u\000t\000\040\000F\000i\000l\000e\000s}{section.5}% 37
\BOOKMARK [2][-]{subsection.5.2}{\376\377\000U\000s\000e\000\040\000t\000h\000e\000\040\000C\000i\000t\000a\000t\000i\000o\000n\000\040\000M\000a\000c\000r\000o\000s}{section.5}% 38
\BOOKMARK [2][-]{subsection.5.3}{\376\377\000G\000e\000n\000e\000r\000a\000t\000e\000\040\000t\000h\000e\000\040\000B\000i\000b\000l\000i\000o\000g\000r\000a\000p\000h\000y\000\040\000F\000i\000l\000e}{section.5}% 39
\BOOKMARK [1][-]{appendix.A}{\376\377\000A\000P\000P\000E\000N\000D\000I\000C\000E\000S}{}% 40
\BOOKMARK [1][-]{appendix.B}{\376\377\000G\000E\000T\000T\000I\000N\000G\000\040\000H\000E\000L\000P}{}% 41
\BOOKMARK [1][-]{appendix.C}{\376\377\000A\000U\000T\000H\000O\000R\000S\000'\000\040\000C\000H\000E\000C\000K\000L\000I\000S\000T}{}% 42
